Using pre-set license
Built from '2020.2/staging' branch; Version is '2020.2.6f1 (8a2143876886) revision 9052483'; Using compiler version '192528614'; Build Type 'Release'
OS: 'Windows 10 Home; OS build 19042.985; Version 2009; 64bit' Language: 'ru' Physical Memory: 16319 MB
BatchMode: 1, IsHumanControllingUs: 0, StartBugReporterOnCrash: 0, Is64bit: 1, IsPro: 0

 COMMAND LINE ARGUMENTS:
C:\Program Files\Unity\Hub\Editor\2020.2.6f1\Editor\Unity.exe
-adb2
-batchMode
-noUpm
-name
AssetImportWorker0
-projectPath
D:/FinalProject
-logFile
Logs/AssetImportWorker0.log
-srvPort
63998
Successfully changed project path to: D:/FinalProject
D:/FinalProject
Using Asset Import Pipeline V2.
Refreshing native plugins compatible for Editor in 35.76 ms, found 0 plugins.
Preloading 0 native plugins for Editor in 0.00 ms.
Initialize engine version: 2020.2.6f1 (8a2143876886)
[Subsystems] Discovering subsystems at path C:/Program Files/Unity/Hub/Editor/2020.2.6f1/Editor/Data/Resources/UnitySubsystems
[Subsystems] Discovering subsystems at path D:/FinalProject/Assets
GfxDevice: creating device client; threaded=0
Direct3D:
    Version:  Direct3D 11.0 [level 11.1]
    Renderer: NVIDIA GeForce GT 1030 (ID=0x1d01)
    Vendor:   
    VRAM:     1982 MB
    Driver:   27.21.14.5671
Initialize mono
Mono path[0] = 'C:/Program Files/Unity/Hub/Editor/2020.2.6f1/Editor/Data/Managed'
Mono path[1] = 'C:/Program Files/Unity/Hub/Editor/2020.2.6f1/Editor/Data/MonoBleedingEdge/lib/mono/unityjit'
Mono config path = 'C:/Program Files/Unity/Hub/Editor/2020.2.6f1/Editor/Data/MonoBleedingEdge/etc'
Using monoOptions --debugger-agent=transport=dt_socket,embedding=1,server=y,suspend=n,address=127.0.0.1:56372
Begin MonoManager ReloadAssembly
Registering precompiled unity dll's ...
Register platform support module: C:/Program Files/Unity/Hub/Editor/2020.2.6f1/Editor/Data/PlaybackEngines/WindowsStandaloneSupport/UnityEditor.WindowsStandalone.Extensions.dll
Registered in 0.001756 seconds.
Native extension for WindowsStandalone target not found
Refreshing native plugins compatible for Editor in 24.29 ms, found 0 plugins.
Preloading 0 native plugins for Editor in 0.00 ms.
Invoked RoslynAnalysisRunner static constructor.
RoslynAnalysisRunner will not be running.
RoslynAnalysisRunner has terminated.
Mono: successfully reloaded assembly
- Completed reload, in  1.617 seconds
Platform modules already initialized, skipping
Registering precompiled user dll's ...
Registered in 0.000499 seconds.
Begin MonoManager ReloadAssembly
Native extension for WindowsStandalone target not found
Refreshing native plugins compatible for Editor in 0.24 ms, found 0 plugins.
Preloading 0 native plugins for Editor in 0.00 ms.
Invoked RoslynAnalysisRunner static constructor.
RoslynAnalysisRunner will not be running.
RoslynAnalysisRunner has terminated.
Mono: successfully reloaded assembly
- Completed reload, in  0.679 seconds
Platform modules already initialized, skipping
========================================================================
Worker process is ready to serve import requests
Launched and connected shader compiler UnityShaderCompiler.exe after 0.04 seconds
Refreshing native plugins compatible for Editor in 0.25 ms, found 0 plugins.
Preloading 0 native plugins for Editor in 0.00 ms.
Unloading 1145 Unused Serialized files (Serialized files now loaded: 0)
System memory in use before: 57.9 MB.
System memory in use after: 58.0 MB.

Unloading 9 unused Assets to reduce memory usage. Loaded Objects now: 1588.
Total: 1.703800 ms (FindLiveObjects: 0.215600 ms CreateObjectMapping: 0.032400 ms MarkObjects: 1.403300 ms  DeleteObjects: 0.051000 ms)

========================================================================
Received Import Request.
  path: Assets/FinalProject/Scenes/Stage_1.unity
  artifactKey: Guid(c8e470fe474e6ce4d939b5d799827390) Importer(815301076,1909f56bfc062723c751e8b465ee728b)
Start importing Assets/FinalProject/Scenes/Stage_1.unity using Guid(c8e470fe474e6ce4d939b5d799827390) Importer(815301076,1909f56bfc062723c751e8b465ee728b)  -> (artifact id: '6131bedabd843b6d157421a217abb144') in 0.011413 seconds
  Import took 0.012950 seconds .

========================================================================
Received Prepare
Registering precompiled user dll's ...
Registered in 0.000442 seconds.
Begin MonoManager ReloadAssembly
Native extension for WindowsStandalone target not found
Refreshing native plugins compatible for Editor in 0.25 ms, found 0 plugins.
Preloading 0 native plugins for Editor in 0.00 ms.
Invoked RoslynAnalysisRunner static constructor.
RoslynAnalysisRunner will not be running.
RoslynAnalysisRunner has terminated.
Mono: successfully reloaded assembly
- Completed reload, in  0.749 seconds
Platform modules already initialized, skipping
Switching build target platform(5) subTarget(0) extendedPlatform(0) -> platform(13) subTarget(537395200) extendedPlatform(0)
Refreshing native plugins compatible for Editor in 0.25 ms, found 0 plugins.
Preloading 0 native plugins for Editor in 0.00 ms.
Unloading 1143 Unused Serialized files (Serialized files now loaded: 0)
System memory in use before: 57.8 MB.
System memory in use after: 57.9 MB.

Unloading 4 unused Assets to reduce memory usage. Loaded Objects now: 1590.
Total: 1.416700 ms (FindLiveObjects: 0.147400 ms CreateObjectMapping: 0.044800 ms MarkObjects: 1.209800 ms  DeleteObjects: 0.013900 ms)

AssetImportParameters requested are different than current active one (requested -> active):
  custom:graphics/normal-map-encoding: 01000000000000000000000000000000 -> 02000000000000000000000000000000
========================================================================
Received Prepare
Refreshing native plugins compatible for Editor in 0.56 ms, found 0 plugins.
Preloading 0 native plugins for Editor in 0.00 ms.
Unloading 2 Unused Serialized files (Serialized files now loaded: 0)
System memory in use before: 35.2 MB.
System memory in use after: 35.3 MB.

Unloading 2 unused Assets to reduce memory usage. Loaded Objects now: 1590.
Total: 1.810800 ms (FindLiveObjects: 0.313400 ms CreateObjectMapping: 0.076700 ms MarkObjects: 1.405700 ms  DeleteObjects: 0.013600 ms)

========================================================================
Received Prepare
Registering precompiled user dll's ...
Registered in 0.000518 seconds.
Begin MonoManager ReloadAssembly
Native extension for WindowsStandalone target not found
Refreshing native plugins compatible for Editor in 0.24 ms, found 0 plugins.
Preloading 0 native plugins for Editor in 0.00 ms.
Invoked RoslynAnalysisRunner static constructor.
RoslynAnalysisRunner will not be running.
RoslynAnalysisRunner has terminated.
Mono: successfully reloaded assembly
- Completed reload, in  0.665 seconds
Platform modules already initialized, skipping
Switching build target platform(5) subTarget(0) extendedPlatform(0) -> platform(13) subTarget(537395200) extendedPlatform(0)
Refreshing native plugins compatible for Editor in 0.22 ms, found 0 plugins.
Preloading 0 native plugins for Editor in 0.00 ms.
Unloading 1143 Unused Serialized files (Serialized files now loaded: 0)
System memory in use before: 57.8 MB.
System memory in use after: 57.9 MB.

Unloading 4 unused Assets to reduce memory usage. Loaded Objects now: 1592.
Total: 4.727900 ms (FindLiveObjects: 0.345100 ms CreateObjectMapping: 0.123700 ms MarkObjects: 4.210000 ms  DeleteObjects: 0.045800 ms)

AssetImportParameters requested are different than current active one (requested -> active):
  custom:graphics/normal-map-encoding: 01000000000000000000000000000000 -> 02000000000000000000000000000000
========================================================================
Received Import Request.
  Time since last request: 232.507742 seconds.
  path: Assets/FinalProject/Scenes/InitialScene.unity
  artifactKey: Guid(244983ed631dab341adc654cf8aa06d2) Importer(815301076,1909f56bfc062723c751e8b465ee728b)
Start importing Assets/FinalProject/Scenes/InitialScene.unity using Guid(244983ed631dab341adc654cf8aa06d2) Importer(815301076,1909f56bfc062723c751e8b465ee728b)  -> (artifact id: '0beef375c0e73bf3d95b1b8ca80c43ad') in 0.015089 seconds
  Import took 0.017079 seconds .

========================================================================
Received Import Request.
  Time since last request: 7.441431 seconds.
  path: Assets/FinalProject/Scenes/V1.0.1.unity
  artifactKey: Guid(f26215a26a6ac914b9b68b247dda0442) Importer(815301076,1909f56bfc062723c751e8b465ee728b)
Start importing Assets/FinalProject/Scenes/V1.0.1.unity using Guid(f26215a26a6ac914b9b68b247dda0442) Importer(815301076,1909f56bfc062723c751e8b465ee728b)  -> (artifact id: '8854b4fd09e14c1d851f68d1b65824c3') in 0.007097 seconds
  Import took 0.008811 seconds .

========================================================================
Received Import Request.
  Time since last request: 2.231069 seconds.
  path: Assets/FinalProject/Scenes/V1.0.2.unity
  artifactKey: Guid(ebd44b4d82208e54cb758100b2ce34f9) Importer(815301076,1909f56bfc062723c751e8b465ee728b)
Start importing Assets/FinalProject/Scenes/V1.0.2.unity using Guid(ebd44b4d82208e54cb758100b2ce34f9) Importer(815301076,1909f56bfc062723c751e8b465ee728b)  -> (artifact id: '3317ae1dfed0f5c680ea604540bde048') in 0.005710 seconds
  Import took 0.007353 seconds .

========================================================================
Received Import Request.
  Time since last request: 1.695788 seconds.
  path: Assets/FinalProject/Scenes/V1.0.3.unity
  artifactKey: Guid(23b8aecdf02752e4cb78a3cd7225db19) Importer(815301076,1909f56bfc062723c751e8b465ee728b)
Start importing Assets/FinalProject/Scenes/V1.0.3.unity using Guid(23b8aecdf02752e4cb78a3cd7225db19) Importer(815301076,1909f56bfc062723c751e8b465ee728b)  -> (artifact id: 'b32a719340941e349b857d1112283c3e') in 0.006052 seconds
  Import took 0.007705 seconds .

========================================================================
Received Import Request.
  Time since last request: 2.310100 seconds.
  path: Assets/FinalProject/Scenes/V1.0.5_Finally_prototype.unity
  artifactKey: Guid(2bfc6157c39b47c40b1d38f12219ee13) Importer(815301076,1909f56bfc062723c751e8b465ee728b)
Start importing Assets/FinalProject/Scenes/V1.0.5_Finally_prototype.unity using Guid(2bfc6157c39b47c40b1d38f12219ee13) Importer(815301076,1909f56bfc062723c751e8b465ee728b)  -> (artifact id: 'e5b140bc68270e8e64037b42742a8f5c') in 0.006590 seconds
  Import took 0.008706 seconds .

========================================================================
Received Import Request.
  Time since last request: 2.481978 seconds.
  path: Assets/FinalProject/Scenes/V1.0.4.unity
  artifactKey: Guid(ae99a940d3658bf4f968c719c24e06d0) Importer(815301076,1909f56bfc062723c751e8b465ee728b)
Start importing Assets/FinalProject/Scenes/V1.0.4.unity using Guid(ae99a940d3658bf4f968c719c24e06d0) Importer(815301076,1909f56bfc062723c751e8b465ee728b)  -> (artifact id: 'bf702a53b900e2c6c51ee249d5eb6e0f') in 0.006572 seconds
  Import took 0.008719 seconds .

